<?xml version="1.0" encoding="UTF-8"?>
<!-- Generated by org.testng.reporters.JUnitReportReporter -->
<testsuite hostname="DESKTOP-063JS14" failures="0" tests="1" name="com.qa.testcases.LeagueSelectionPageTests" time="125.188" errors="0" timestamp="2024-03-03T22:43:02 EST" skipped="0">
  <testcase classname="com.qa.testcases.LeagueSelectionPageTests" name="verifyLeague" time="125.188"/>
</testsuite> <!-- com.qa.testcases.LeagueSelectionPageTests -->
